<?xml version="1.0" encoding="UTF-8"?>
<!-- Generated by org.testng.reporters.JUnitReportReporter -->
<testsuite hostname="DESKTOP-I6MPF4L" failures="0" tests="1" name="com.Utility.TestDefinitions" time="19.009" errors="0" timestamp="2023-10-01T22:05:56 IST" skipped="0">
  <testcase classname="com.Utility.TestDefinitions" name="placeOrder" time="19.009"/>
  <system-out/>
</testsuite> <!-- com.Utility.TestDefinitions -->
