<?xml version="1.0" encoding="UTF-8"?>
<!-- Generated by org.testng.reporters.JUnitReportReporter -->
<testsuite hostname="DESKTOP-I6MPF4L" failures="0" tests="1" name="com.Utility.errorValidationsTests" time="7.441" errors="0" timestamp="2023-10-01T19:46:46 IST" skipped="0">
  <testcase classname="com.Utility.errorValidationsTests" name="loginValidation" time="7.441"/>
  <system-out/>
</testsuite> <!-- com.Utility.errorValidationsTests -->
