<?xml version="1.0" encoding="UTF-8"?>
<!-- Generated by org.testng.reporters.JUnitReportReporter -->
<testsuite hostname="DESKTOP-I6MPF4L" failures="0" tests="1" name="com.Utility.StandAloneTest" time="15.030" errors="0" timestamp="2023-09-28T22:13:59 IST" skipped="0">
  <testcase classname="com.Utility.StandAloneTest" name="placeOrder" time="15.030"/>
  <system-out/>
</testsuite> <!-- com.Utility.StandAloneTest -->
