<?xml version="1.0" encoding="UTF-8"?>
<!-- Generated by org.testng.reporters.JUnitReportReporter -->
<testsuite hostname="DESKTOP-I6MPF4L" failures="0" tests="1" name="com.Utility.TestDefinitions" time="14.936" errors="0" timestamp="2023-11-05T00:25:02 IST" skipped="0">
  <testcase classname="com.Utility.TestDefinitions" name="placeOrder" time="14.936"/>
  <system-out/>
</testsuite> <!-- com.Utility.TestDefinitions -->
