<?xml version="1.0" encoding="UTF-8"?>
<!-- Generated by org.testng.reporters.JUnitReportReporter -->
<testsuite hostname="DESKTOP-I6MPF4L" failures="0" tests="3" name="com.Utility.DynamicJson" time="3.886" errors="0" timestamp="2023-10-14T20:31:43 IST" skipped="0">
  <testcase classname="com.Utility.DynamicJson" name="addBook" time="0.228"/>
  <system-out/>
  <testcase classname="com.Utility.DynamicJson" name="addBook" time="0.152"/>
  <system-out/>
  <testcase classname="com.Utility.DynamicJson" name="addBook" time="3.506"/>
  <system-out/>
</testsuite> <!-- com.Utility.DynamicJson -->
