<?xml version="1.0" encoding="UTF-8"?>
<!-- Generated by org.testng.reporters.JUnitReportReporter -->
<testsuite hostname="DESKTOP-I6MPF4L" failures="0" tests="1" name="testng_swagLabs" time="0.046" errors="0" timestamp="2021-12-08T14:57:07 IST" skipped="0">
  <testcase classname="testng_swagLabs" name="Title" time="0.046"/>
  <system-out/>
</testsuite> <!-- testng_swagLabs -->
