<?xml version="1.0" encoding="UTF-8"?>
<!-- Generated by org.testng.reporters.JUnitReportReporter -->
<testsuite hostname="DESKTOP-I6MPF4L" failures="0" tests="1" name="testng_prac" time="0.005" errors="0" timestamp="2021-12-08T13:49:18 IST" skipped="0">
  <testcase classname="testng_prac" name="message" time="0.005"/>
  <system-out/>
</testsuite> <!-- testng_prac -->
